2024-03-03 17:10:06,477 DEBUG scheduler Queued events for site pali
2024-03-03 17:11:06,619 DEBUG scheduler Queued events for site pali
2024-03-03 17:12:06,778 DEBUG scheduler Queued events for site pali
2024-03-03 17:12:06,808 INFO scheduler Scheduled Job Start: frappe.monitor.flush for pali
2024-03-03 17:12:06,905 INFO scheduler Scheduled Job Complete: frappe.monitor.flush for pali
2024-03-03 17:12:06,961 INFO scheduler Scheduled Job Start: frappe.utils.global_search.sync_global_search for pali
2024-03-03 17:12:07,058 INFO scheduler Scheduled Job Complete: frappe.utils.global_search.sync_global_search for pali
2024-03-03 17:12:07,114 INFO scheduler Scheduled Job Start: frappe.integrations.doctype.razorpay_settings.razorpay_settings.capture_payment for pali
2024-03-03 17:12:07,256 INFO scheduler Scheduled Job Complete: frappe.integrations.doctype.razorpay_settings.razorpay_settings.capture_payment for pali
2024-03-03 17:12:07,311 INFO scheduler Scheduled Job Start: frappe.email.doctype.email_account.email_account.notify_unreplied for pali
2024-03-03 17:12:07,440 INFO scheduler Scheduled Job Complete: frappe.email.doctype.email_account.email_account.notify_unreplied for pali
2024-03-03 17:12:07,497 INFO scheduler Scheduled Job Start: frappe.email.doctype.email_account.email_account.pull for pali
2024-03-03 17:12:07,637 INFO scheduler Scheduled Job Complete: frappe.email.doctype.email_account.email_account.pull for pali
2024-03-03 17:12:07,696 INFO scheduler Scheduled Job Start: frappe.email.queue.flush for pali
2024-03-03 17:12:07,804 INFO scheduler Scheduled Job Complete: frappe.email.queue.flush for pali
2024-03-03 17:13:06,931 DEBUG scheduler Queued events for site pali
2024-03-03 17:14:07,079 DEBUG scheduler Queued events for site pali
2024-03-03 17:15:07,233 DEBUG scheduler Queued events for site pali
2024-03-03 17:15:07,278 INFO scheduler Scheduled Job Start: frappe.twofactor.delete_all_barcodes_for_users for pali
2024-03-03 17:15:07,420 INFO scheduler Scheduled Job Complete: frappe.twofactor.delete_all_barcodes_for_users for pali
2024-03-03 17:15:07,480 INFO scheduler Scheduled Job Start: frappe.website.doctype.web_page.web_page.check_publish_status for pali
2024-03-03 17:15:07,652 INFO scheduler Scheduled Job Complete: frappe.website.doctype.web_page.web_page.check_publish_status for pali
2024-03-03 17:15:07,712 INFO scheduler Scheduled Job Start: frappe.oauth.delete_oauth2_data for pali
2024-03-03 17:15:07,862 INFO scheduler Scheduled Job Complete: frappe.oauth.delete_oauth2_data for pali
2024-03-03 17:16:07,386 DEBUG scheduler Queued events for site pali
2024-03-03 17:16:07,417 INFO scheduler Scheduled Job Start: frappe.monitor.flush for pali
2024-03-03 17:16:07,515 INFO scheduler Scheduled Job Complete: frappe.monitor.flush for pali
2024-03-03 17:16:07,571 INFO scheduler Scheduled Job Start: frappe.utils.global_search.sync_global_search for pali
2024-03-03 17:16:07,667 INFO scheduler Scheduled Job Complete: frappe.utils.global_search.sync_global_search for pali
2024-03-03 17:16:07,723 INFO scheduler Scheduled Job Start: frappe.integrations.doctype.razorpay_settings.razorpay_settings.capture_payment for pali
2024-03-03 17:16:07,865 INFO scheduler Scheduled Job Complete: frappe.integrations.doctype.razorpay_settings.razorpay_settings.capture_payment for pali
2024-03-03 17:16:07,923 INFO scheduler Scheduled Job Start: frappe.email.doctype.email_account.email_account.notify_unreplied for pali
2024-03-03 17:16:08,051 INFO scheduler Scheduled Job Complete: frappe.email.doctype.email_account.email_account.notify_unreplied for pali
2024-03-03 17:16:08,110 INFO scheduler Scheduled Job Start: frappe.email.doctype.email_account.email_account.pull for pali
2024-03-03 17:16:08,256 INFO scheduler Scheduled Job Complete: frappe.email.doctype.email_account.email_account.pull for pali
2024-03-03 17:16:08,314 INFO scheduler Scheduled Job Start: frappe.email.queue.flush for pali
2024-03-03 17:16:08,422 INFO scheduler Scheduled Job Complete: frappe.email.queue.flush for pali
2024-03-03 17:17:07,491 DEBUG scheduler Queued events for site pali
2024-03-03 17:18:07,610 DEBUG scheduler Queued events for site pali
2024-03-03 17:19:07,759 DEBUG scheduler Queued events for site pali
2024-03-03 17:20:07,928 DEBUG scheduler Queued events for site pali
2024-03-03 17:20:07,959 INFO scheduler Scheduled Job Start: frappe.monitor.flush for pali
2024-03-03 17:20:08,056 INFO scheduler Scheduled Job Complete: frappe.monitor.flush for pali
2024-03-03 17:20:08,113 INFO scheduler Scheduled Job Start: frappe.utils.global_search.sync_global_search for pali
2024-03-03 17:20:08,209 INFO scheduler Scheduled Job Complete: frappe.utils.global_search.sync_global_search for pali
2024-03-03 17:20:08,267 INFO scheduler Scheduled Job Start: frappe.integrations.doctype.razorpay_settings.razorpay_settings.capture_payment for pali
2024-03-03 17:20:08,410 INFO scheduler Scheduled Job Complete: frappe.integrations.doctype.razorpay_settings.razorpay_settings.capture_payment for pali
2024-03-03 17:20:08,466 INFO scheduler Scheduled Job Start: frappe.email.doctype.email_account.email_account.notify_unreplied for pali
2024-03-03 17:20:08,600 INFO scheduler Scheduled Job Complete: frappe.email.doctype.email_account.email_account.notify_unreplied for pali
2024-03-03 17:20:08,656 INFO scheduler Scheduled Job Start: frappe.email.doctype.email_account.email_account.pull for pali
2024-03-03 17:20:08,797 INFO scheduler Scheduled Job Complete: frappe.email.doctype.email_account.email_account.pull for pali
2024-03-03 17:20:08,854 INFO scheduler Scheduled Job Start: frappe.email.queue.flush for pali
2024-03-03 17:20:08,962 INFO scheduler Scheduled Job Complete: frappe.email.queue.flush for pali
2024-03-03 17:21:08,053 DEBUG scheduler Queued events for site pali
2024-03-03 17:22:08,176 DEBUG scheduler Queued events for site pali
2024-03-03 17:23:08,309 DEBUG scheduler Queued events for site pali
2024-03-03 17:24:08,429 DEBUG scheduler Queued events for site pali
2024-03-03 17:24:08,460 INFO scheduler Scheduled Job Start: frappe.monitor.flush for pali
2024-03-03 17:24:08,557 INFO scheduler Scheduled Job Complete: frappe.monitor.flush for pali
2024-03-03 17:24:08,614 INFO scheduler Scheduled Job Start: frappe.utils.global_search.sync_global_search for pali
2024-03-03 17:24:08,712 INFO scheduler Scheduled Job Complete: frappe.utils.global_search.sync_global_search for pali
2024-03-03 17:24:08,768 INFO scheduler Scheduled Job Start: frappe.integrations.doctype.razorpay_settings.razorpay_settings.capture_payment for pali
2024-03-03 17:24:08,915 INFO scheduler Scheduled Job Complete: frappe.integrations.doctype.razorpay_settings.razorpay_settings.capture_payment for pali
2024-03-03 17:24:08,972 INFO scheduler Scheduled Job Start: frappe.email.doctype.email_account.email_account.notify_unreplied for pali
2024-03-03 17:24:09,107 INFO scheduler Scheduled Job Complete: frappe.email.doctype.email_account.email_account.notify_unreplied for pali
2024-03-03 17:24:09,163 INFO scheduler Scheduled Job Start: frappe.email.doctype.email_account.email_account.pull for pali
2024-03-03 17:24:09,305 INFO scheduler Scheduled Job Complete: frappe.email.doctype.email_account.email_account.pull for pali
2024-03-03 17:24:09,362 INFO scheduler Scheduled Job Start: frappe.email.queue.flush for pali
2024-03-03 17:24:09,470 INFO scheduler Scheduled Job Complete: frappe.email.queue.flush for pali
2024-03-03 17:25:08,549 DEBUG scheduler Queued events for site pali
2024-03-03 17:26:08,699 DEBUG scheduler Queued events for site pali
2024-03-03 17:27:08,828 DEBUG scheduler Queued events for site pali
2024-03-03 17:28:08,967 DEBUG scheduler Queued events for site pali
2024-03-03 17:28:08,998 INFO scheduler Scheduled Job Start: frappe.monitor.flush for pali
2024-03-03 17:28:09,097 INFO scheduler Scheduled Job Complete: frappe.monitor.flush for pali
2024-03-03 17:28:09,153 INFO scheduler Scheduled Job Start: frappe.utils.global_search.sync_global_search for pali
2024-03-03 17:28:09,256 INFO scheduler Scheduled Job Complete: frappe.utils.global_search.sync_global_search for pali
2024-03-03 17:28:09,312 INFO scheduler Scheduled Job Start: frappe.integrations.doctype.razorpay_settings.razorpay_settings.capture_payment for pali
2024-03-03 17:28:09,468 INFO scheduler Scheduled Job Complete: frappe.integrations.doctype.razorpay_settings.razorpay_settings.capture_payment for pali
2024-03-03 17:28:09,524 INFO scheduler Scheduled Job Start: frappe.email.doctype.email_account.email_account.notify_unreplied for pali
2024-03-03 17:28:09,652 INFO scheduler Scheduled Job Complete: frappe.email.doctype.email_account.email_account.notify_unreplied for pali
2024-03-03 17:28:09,709 INFO scheduler Scheduled Job Start: frappe.email.doctype.email_account.email_account.pull for pali
2024-03-03 17:28:09,849 INFO scheduler Scheduled Job Complete: frappe.email.doctype.email_account.email_account.pull for pali
2024-03-03 17:28:09,907 INFO scheduler Scheduled Job Start: frappe.email.queue.flush for pali
2024-03-03 17:28:10,016 INFO scheduler Scheduled Job Complete: frappe.email.queue.flush for pali
2024-03-03 17:29:09,082 DEBUG scheduler Queued events for site pali
2024-03-03 17:30:09,203 DEBUG scheduler Queued events for site pali
2024-03-03 17:30:09,248 INFO scheduler Scheduled Job Start: frappe.twofactor.delete_all_barcodes_for_users for pali
2024-03-03 17:30:09,395 INFO scheduler Scheduled Job Complete: frappe.twofactor.delete_all_barcodes_for_users for pali
2024-03-03 17:30:09,455 INFO scheduler Scheduled Job Start: frappe.website.doctype.web_page.web_page.check_publish_status for pali
2024-03-03 17:30:09,627 INFO scheduler Scheduled Job Complete: frappe.website.doctype.web_page.web_page.check_publish_status for pali
2024-03-03 17:30:09,687 INFO scheduler Scheduled Job Start: frappe.oauth.delete_oauth2_data for pali
2024-03-03 17:30:09,837 INFO scheduler Scheduled Job Complete: frappe.oauth.delete_oauth2_data for pali
2024-03-03 17:31:09,326 DEBUG scheduler Queued events for site pali
2024-03-03 17:32:09,483 DEBUG scheduler Queued events for site pali
2024-03-03 17:32:09,513 INFO scheduler Scheduled Job Start: frappe.monitor.flush for pali
2024-03-03 17:32:09,616 INFO scheduler Scheduled Job Complete: frappe.monitor.flush for pali
2024-03-03 17:32:09,672 INFO scheduler Scheduled Job Start: frappe.utils.global_search.sync_global_search for pali
2024-03-03 17:32:09,770 INFO scheduler Scheduled Job Complete: frappe.utils.global_search.sync_global_search for pali
2024-03-03 17:32:09,825 INFO scheduler Scheduled Job Start: frappe.integrations.doctype.razorpay_settings.razorpay_settings.capture_payment for pali
2024-03-03 17:32:09,968 INFO scheduler Scheduled Job Complete: frappe.integrations.doctype.razorpay_settings.razorpay_settings.capture_payment for pali
2024-03-03 17:32:10,024 INFO scheduler Scheduled Job Start: frappe.email.doctype.email_account.email_account.notify_unreplied for pali
2024-03-03 17:32:10,152 INFO scheduler Scheduled Job Complete: frappe.email.doctype.email_account.email_account.notify_unreplied for pali
2024-03-03 17:32:10,209 INFO scheduler Scheduled Job Start: frappe.email.doctype.email_account.email_account.pull for pali
2024-03-03 17:32:10,350 INFO scheduler Scheduled Job Complete: frappe.email.doctype.email_account.email_account.pull for pali
2024-03-03 17:32:10,407 INFO scheduler Scheduled Job Start: frappe.email.queue.flush for pali
2024-03-03 17:32:10,515 INFO scheduler Scheduled Job Complete: frappe.email.queue.flush for pali
2024-03-03 17:33:09,586 DEBUG scheduler Queued events for site pali
2024-03-03 17:34:09,719 DEBUG scheduler Queued events for site pali
2024-03-03 17:35:09,828 DEBUG scheduler Queued events for site pali
2024-03-03 17:36:09,977 DEBUG scheduler Queued events for site pali
2024-03-03 17:36:10,006 INFO scheduler Scheduled Job Start: frappe.monitor.flush for pali
2024-03-03 17:36:10,109 INFO scheduler Scheduled Job Complete: frappe.monitor.flush for pali
2024-03-03 17:36:10,166 INFO scheduler Scheduled Job Start: frappe.utils.global_search.sync_global_search for pali
2024-03-03 17:36:10,263 INFO scheduler Scheduled Job Complete: frappe.utils.global_search.sync_global_search for pali
2024-03-03 17:36:10,321 INFO scheduler Scheduled Job Start: frappe.integrations.doctype.razorpay_settings.razorpay_settings.capture_payment for pali
2024-03-03 17:36:10,463 INFO scheduler Scheduled Job Complete: frappe.integrations.doctype.razorpay_settings.razorpay_settings.capture_payment for pali
2024-03-03 17:36:10,519 INFO scheduler Scheduled Job Start: frappe.email.doctype.email_account.email_account.notify_unreplied for pali
2024-03-03 17:36:10,648 INFO scheduler Scheduled Job Complete: frappe.email.doctype.email_account.email_account.notify_unreplied for pali
2024-03-03 17:36:10,705 INFO scheduler Scheduled Job Start: frappe.email.doctype.email_account.email_account.pull for pali
2024-03-03 17:36:10,846 INFO scheduler Scheduled Job Complete: frappe.email.doctype.email_account.email_account.pull for pali
2024-03-03 17:36:10,903 INFO scheduler Scheduled Job Start: frappe.email.queue.flush for pali
2024-03-03 17:36:11,011 INFO scheduler Scheduled Job Complete: frappe.email.queue.flush for pali
2024-03-03 17:37:10,129 DEBUG scheduler Queued events for site pali
2024-03-03 17:38:10,268 DEBUG scheduler Queued events for site pali
2024-03-03 17:39:10,384 DEBUG scheduler Queued events for site pali
2024-03-03 17:40:10,546 DEBUG scheduler Queued events for site pali
2024-03-03 17:40:10,577 INFO scheduler Scheduled Job Start: frappe.monitor.flush for pali
2024-03-03 17:40:10,673 INFO scheduler Scheduled Job Complete: frappe.monitor.flush for pali
2024-03-03 17:40:10,729 INFO scheduler Scheduled Job Start: frappe.utils.global_search.sync_global_search for pali
2024-03-03 17:40:10,826 INFO scheduler Scheduled Job Complete: frappe.utils.global_search.sync_global_search for pali
2024-03-03 17:40:10,882 INFO scheduler Scheduled Job Start: frappe.integrations.doctype.razorpay_settings.razorpay_settings.capture_payment for pali
2024-03-03 17:40:11,026 INFO scheduler Scheduled Job Complete: frappe.integrations.doctype.razorpay_settings.razorpay_settings.capture_payment for pali
2024-03-03 17:40:11,083 INFO scheduler Scheduled Job Start: frappe.email.doctype.email_account.email_account.notify_unreplied for pali
2024-03-03 17:40:11,211 INFO scheduler Scheduled Job Complete: frappe.email.doctype.email_account.email_account.notify_unreplied for pali
2024-03-03 17:40:11,268 INFO scheduler Scheduled Job Start: frappe.email.doctype.email_account.email_account.pull for pali
2024-03-03 17:40:11,409 INFO scheduler Scheduled Job Complete: frappe.email.doctype.email_account.email_account.pull for pali
2024-03-03 17:40:11,465 INFO scheduler Scheduled Job Start: frappe.email.queue.flush for pali
2024-03-03 17:40:11,572 INFO scheduler Scheduled Job Complete: frappe.email.queue.flush for pali
2024-03-03 17:41:10,695 DEBUG scheduler Queued events for site pali
2024-03-03 17:42:10,822 DEBUG scheduler Queued events for site pali
2024-03-03 17:43:10,972 DEBUG scheduler Queued events for site pali
2024-03-03 17:44:11,132 DEBUG scheduler Queued events for site pali
2024-03-03 17:44:11,162 INFO scheduler Scheduled Job Start: frappe.monitor.flush for pali
2024-03-03 17:44:11,259 INFO scheduler Scheduled Job Complete: frappe.monitor.flush for pali
2024-03-03 17:44:11,315 INFO scheduler Scheduled Job Start: frappe.utils.global_search.sync_global_search for pali
2024-03-03 17:44:11,411 INFO scheduler Scheduled Job Complete: frappe.utils.global_search.sync_global_search for pali
2024-03-03 17:44:11,469 INFO scheduler Scheduled Job Start: frappe.integrations.doctype.razorpay_settings.razorpay_settings.capture_payment for pali
2024-03-03 17:44:11,611 INFO scheduler Scheduled Job Complete: frappe.integrations.doctype.razorpay_settings.razorpay_settings.capture_payment for pali
2024-03-03 17:44:11,668 INFO scheduler Scheduled Job Start: frappe.email.doctype.email_account.email_account.notify_unreplied for pali
2024-03-03 17:44:11,796 INFO scheduler Scheduled Job Complete: frappe.email.doctype.email_account.email_account.notify_unreplied for pali
2024-03-03 17:44:11,854 INFO scheduler Scheduled Job Start: frappe.email.doctype.email_account.email_account.pull for pali
2024-03-03 17:44:11,995 INFO scheduler Scheduled Job Complete: frappe.email.doctype.email_account.email_account.pull for pali
2024-03-03 17:44:12,051 INFO scheduler Scheduled Job Start: frappe.email.queue.flush for pali
2024-03-03 17:44:12,160 INFO scheduler Scheduled Job Complete: frappe.email.queue.flush for pali
2024-03-03 17:45:11,291 DEBUG scheduler Queued events for site pali
2024-03-03 17:45:11,336 INFO scheduler Scheduled Job Start: frappe.twofactor.delete_all_barcodes_for_users for pali
2024-03-03 17:45:11,478 INFO scheduler Scheduled Job Complete: frappe.twofactor.delete_all_barcodes_for_users for pali
2024-03-03 17:45:11,536 INFO scheduler Scheduled Job Start: frappe.website.doctype.web_page.web_page.check_publish_status for pali
2024-03-03 17:45:11,708 INFO scheduler Scheduled Job Complete: frappe.website.doctype.web_page.web_page.check_publish_status for pali
2024-03-03 17:45:11,768 INFO scheduler Scheduled Job Start: frappe.oauth.delete_oauth2_data for pali
2024-03-03 17:45:11,916 INFO scheduler Scheduled Job Complete: frappe.oauth.delete_oauth2_data for pali
2024-03-03 17:46:11,408 DEBUG scheduler Queued events for site pali
2024-03-04 08:23:31,678 INFO scheduler Scheduled Job Start: frappe.integrations.doctype.google_drive.google_drive.daily_backup for pali
2024-03-04 08:23:32,563 DEBUG scheduler Queued events for site pali
2024-03-04 08:23:33,104 INFO scheduler Scheduled Job Complete: frappe.integrations.doctype.google_drive.google_drive.daily_backup for pali
2024-03-04 08:23:33,271 INFO scheduler Scheduled Job Start: frappe.core.doctype.log_settings.log_settings.run_log_clean_up for pali
2024-03-04 08:23:33,749 INFO scheduler Scheduled Job Complete: frappe.core.doctype.log_settings.log_settings.run_log_clean_up for pali
2024-03-04 08:23:33,913 INFO scheduler Scheduled Job Start: frappe.core.doctype.prepared_report.prepared_report.delete_expired_prepared_reports for pali
2024-03-04 08:23:34,327 INFO scheduler Scheduled Job Complete: frappe.core.doctype.prepared_report.prepared_report.delete_expired_prepared_reports for pali
2024-03-04 08:23:34,507 INFO scheduler Scheduled Job Start: frappe.email.doctype.unhandled_email.unhandled_email.remove_old_unhandled_emails for pali
2024-03-04 08:23:34,859 INFO scheduler Scheduled Job Complete: frappe.email.doctype.unhandled_email.unhandled_email.remove_old_unhandled_emails for pali
2024-03-04 08:23:35,023 INFO scheduler Scheduled Job Start: frappe.automation.doctype.auto_repeat.auto_repeat.set_auto_repeat_as_completed for pali
2024-03-04 08:23:35,418 INFO scheduler Scheduled Job Complete: frappe.automation.doctype.auto_repeat.auto_repeat.set_auto_repeat_as_completed for pali
2024-03-04 08:23:35,617 INFO scheduler Scheduled Job Start: frappe.automation.doctype.auto_repeat.auto_repeat.make_auto_repeat_entry for pali
2024-03-04 08:23:36,048 INFO scheduler Scheduled Job Complete: frappe.automation.doctype.auto_repeat.auto_repeat.make_auto_repeat_entry for pali
2024-03-04 08:23:36,187 INFO scheduler Scheduled Job Start: frappe.integrations.doctype.google_contacts.google_contacts.sync for pali
2024-03-04 08:23:36,722 INFO scheduler Scheduled Job Complete: frappe.integrations.doctype.google_contacts.google_contacts.sync for pali
2024-03-04 08:23:36,853 INFO scheduler Scheduled Job Start: frappe.social.doctype.energy_point_settings.energy_point_settings.allocate_review_points for pali
2024-03-04 08:23:37,120 INFO scheduler Scheduled Job Complete: frappe.social.doctype.energy_point_settings.energy_point_settings.allocate_review_points for pali
2024-03-04 08:23:37,247 INFO scheduler Scheduled Job Start: frappe.desk.form.document_follow.send_daily_updates for pali
2024-03-04 08:23:37,572 INFO scheduler Scheduled Job Complete: frappe.desk.form.document_follow.send_daily_updates for pali
2024-03-04 08:23:37,702 INFO scheduler Scheduled Job Start: frappe.website.doctype.personal_data_deletion_request.personal_data_deletion_request.remove_unverified_record for pali
2024-03-04 08:23:37,975 INFO scheduler Scheduled Job Complete: frappe.website.doctype.personal_data_deletion_request.personal_data_deletion_request.remove_unverified_record for pali
2024-03-04 08:23:38,097 INFO scheduler Scheduled Job Start: frappe.email.doctype.notification.notification.trigger_daily_alerts for pali
2024-03-04 08:23:38,384 INFO scheduler Scheduled Job Complete: frappe.email.doctype.notification.notification.trigger_daily_alerts for pali
2024-03-04 08:23:38,510 INFO scheduler Scheduled Job Start: frappe.sessions.clear_expired_sessions for pali
2024-03-04 08:23:38,964 INFO scheduler Scheduled Job Complete: frappe.sessions.clear_expired_sessions for pali
2024-03-04 08:23:39,091 INFO scheduler Scheduled Job Start: frappe.desk.doctype.event.event.send_event_digest for pali
2024-03-04 08:23:39,436 INFO scheduler Scheduled Job Complete: frappe.desk.doctype.event.event.send_event_digest for pali
2024-03-04 08:23:39,557 INFO scheduler Scheduled Job Start: frappe.core.doctype.error_log.error_log.set_old_logs_as_seen for pali
2024-03-04 08:23:39,820 INFO scheduler Scheduled Job Complete: frappe.core.doctype.error_log.error_log.set_old_logs_as_seen for pali
2024-03-04 08:23:39,945 INFO scheduler Scheduled Job Start: frappe.desk.notifications.clear_notifications for pali
2024-03-04 08:23:40,206 INFO scheduler Scheduled Job Complete: frappe.desk.notifications.clear_notifications for pali
2024-03-04 08:23:40,325 INFO scheduler Scheduled Job Start: frappe.email.queue.set_expiry_for_email_queue for pali
2024-03-04 08:23:40,602 INFO scheduler Scheduled Job Complete: frappe.email.queue.set_expiry_for_email_queue for pali
2024-03-04 08:23:40,724 INFO scheduler Scheduled Job Start: frappe.email.doctype.newsletter.newsletter.send_scheduled_email for pali
2024-03-04 08:23:41,130 INFO scheduler Scheduled Job Complete: frappe.email.doctype.newsletter.newsletter.send_scheduled_email for pali
2024-03-04 08:23:41,254 INFO scheduler Scheduled Job Start: frappe.integrations.doctype.google_calendar.google_calendar.sync for pali
2024-03-04 08:23:41,750 INFO scheduler Scheduled Job Complete: frappe.integrations.doctype.google_calendar.google_calendar.sync for pali
2024-03-04 08:23:41,873 INFO scheduler Scheduled Job Start: frappe.desk.form.document_follow.send_hourly_updates for pali
2024-03-04 08:23:42,170 INFO scheduler Scheduled Job Complete: frappe.desk.form.document_follow.send_hourly_updates for pali
2024-03-04 08:23:42,293 INFO scheduler Scheduled Job Start: frappe.deferred_insert.save_to_db for pali
2024-03-04 08:23:42,553 INFO scheduler Scheduled Job Complete: frappe.deferred_insert.save_to_db for pali
2024-03-04 08:23:42,672 INFO scheduler Scheduled Job Start: frappe.desk.page.backups.backups.delete_downloadable_backups for pali
2024-03-04 08:23:42,945 INFO scheduler Scheduled Job Complete: frappe.desk.page.backups.backups.delete_downloadable_backups for pali
2024-03-04 08:23:43,065 INFO scheduler Scheduled Job Start: frappe.utils.error.collect_error_snapshots for pali
2024-03-04 08:23:43,400 INFO scheduler Scheduled Job Complete: frappe.utils.error.collect_error_snapshots for pali
2024-03-04 08:23:43,519 INFO scheduler Scheduled Job Start: frappe.model.utils.user_settings.sync_user_settings for pali
2024-03-04 08:23:43,779 INFO scheduler Scheduled Job Complete: frappe.model.utils.user_settings.sync_user_settings for pali
2024-03-04 08:23:43,900 INFO scheduler Scheduled Job Start: frappe.model.utils.link_count.update_link_count for pali
2024-03-04 08:23:44,162 INFO scheduler Scheduled Job Complete: frappe.model.utils.link_count.update_link_count for pali
2024-03-04 08:23:44,283 INFO scheduler Scheduled Job Start: frappe.monitor.flush for pali
2024-03-04 08:23:44,486 INFO scheduler Scheduled Job Complete: frappe.monitor.flush for pali
2024-03-04 08:23:44,598 INFO scheduler Scheduled Job Start: frappe.utils.global_search.sync_global_search for pali
2024-03-04 08:23:44,802 INFO scheduler Scheduled Job Complete: frappe.utils.global_search.sync_global_search for pali
2024-03-04 08:23:44,922 INFO scheduler Scheduled Job Start: frappe.integrations.doctype.razorpay_settings.razorpay_settings.capture_payment for pali
2024-03-04 08:23:45,292 INFO scheduler Scheduled Job Complete: frappe.integrations.doctype.razorpay_settings.razorpay_settings.capture_payment for pali
2024-03-04 08:23:45,407 INFO scheduler Scheduled Job Start: frappe.email.doctype.email_account.email_account.notify_unreplied for pali
2024-03-04 08:23:45,742 INFO scheduler Scheduled Job Complete: frappe.email.doctype.email_account.email_account.notify_unreplied for pali
2024-03-04 08:23:45,859 INFO scheduler Scheduled Job Start: frappe.email.doctype.email_account.email_account.pull for pali
2024-03-04 08:23:46,192 INFO scheduler Scheduled Job Complete: frappe.email.doctype.email_account.email_account.pull for pali
2024-03-04 08:23:46,305 INFO scheduler Scheduled Job Start: frappe.email.queue.flush for pali
2024-03-04 08:23:46,534 INFO scheduler Scheduled Job Complete: frappe.email.queue.flush for pali
2024-03-04 08:23:46,652 INFO scheduler Scheduled Job Start: frappe.twofactor.delete_all_barcodes_for_users for pali
2024-03-04 08:23:46,950 INFO scheduler Scheduled Job Complete: frappe.twofactor.delete_all_barcodes_for_users for pali
2024-03-04 08:23:47,071 INFO scheduler Scheduled Job Start: frappe.website.doctype.web_page.web_page.check_publish_status for pali
2024-03-04 08:23:47,495 INFO scheduler Scheduled Job Complete: frappe.website.doctype.web_page.web_page.check_publish_status for pali
2024-03-04 08:23:47,616 INFO scheduler Scheduled Job Start: frappe.oauth.delete_oauth2_data for pali
2024-03-04 08:23:47,992 INFO scheduler Scheduled Job Complete: frappe.oauth.delete_oauth2_data for pali
2024-03-04 08:23:48,360 INFO scheduler Scheduled Job Start: frappe.email.doctype.auto_email_report.auto_email_report.send_daily for pali
2024-03-04 08:23:48,904 INFO scheduler Scheduled Job Complete: frappe.email.doctype.auto_email_report.auto_email_report.send_daily for pali
2024-03-04 08:23:49,026 INFO scheduler Scheduled Job Start: frappe.integrations.doctype.s3_backup_settings.s3_backup_settings.take_backups_daily for pali
2024-03-04 08:23:49,419 INFO scheduler Scheduled Job Complete: frappe.integrations.doctype.s3_backup_settings.s3_backup_settings.take_backups_daily for pali
2024-03-04 08:23:49,541 INFO scheduler Scheduled Job Start: frappe.utils.change_log.check_for_update for pali
2024-03-04 08:23:49,829 INFO scheduler Scheduled Job Failed: frappe.utils.change_log.check_for_update for pali
2024-03-04 08:23:49,982 INFO scheduler Scheduled Job Start: frappe.integrations.doctype.dropbox_settings.dropbox_settings.take_backups_daily for pali
2024-03-04 08:23:50,528 INFO scheduler Scheduled Job Complete: frappe.integrations.doctype.dropbox_settings.dropbox_settings.take_backups_daily for pali
2024-03-04 08:24:32,898 DEBUG scheduler Queued events for site pali
2024-03-04 08:24:33,012 INFO scheduler Scheduled Job Start: frappe.monitor.flush for pali
2024-03-04 08:24:33,404 INFO scheduler Scheduled Job Complete: frappe.monitor.flush for pali
2024-03-04 08:24:33,593 INFO scheduler Scheduled Job Start: frappe.utils.global_search.sync_global_search for pali
2024-03-04 08:24:33,898 INFO scheduler Scheduled Job Complete: frappe.utils.global_search.sync_global_search for pali
2024-03-04 08:24:34,051 INFO scheduler Scheduled Job Start: frappe.integrations.doctype.razorpay_settings.razorpay_settings.capture_payment for pali
2024-03-04 08:24:34,420 INFO scheduler Scheduled Job Complete: frappe.integrations.doctype.razorpay_settings.razorpay_settings.capture_payment for pali
2024-03-04 08:24:34,560 INFO scheduler Scheduled Job Start: frappe.email.doctype.email_account.email_account.notify_unreplied for pali
2024-03-04 08:24:34,871 INFO scheduler Scheduled Job Complete: frappe.email.doctype.email_account.email_account.notify_unreplied for pali
2024-03-04 08:24:35,005 INFO scheduler Scheduled Job Start: frappe.email.doctype.email_account.email_account.pull for pali
2024-03-04 08:24:35,326 INFO scheduler Scheduled Job Complete: frappe.email.doctype.email_account.email_account.pull for pali
2024-03-04 08:24:35,454 INFO scheduler Scheduled Job Start: frappe.email.queue.flush for pali
2024-03-04 08:24:35,692 INFO scheduler Scheduled Job Complete: frappe.email.queue.flush for pali
2024-03-04 08:25:33,144 DEBUG scheduler Queued events for site pali
2024-03-04 08:26:33,383 DEBUG scheduler Queued events for site pali
2024-03-04 08:27:33,656 DEBUG scheduler Queued events for site pali
2024-03-04 08:28:33,968 DEBUG scheduler Queued events for site pali
2024-03-04 08:28:34,099 INFO scheduler Scheduled Job Start: frappe.monitor.flush for pali
2024-03-04 08:28:34,513 INFO scheduler Scheduled Job Complete: frappe.monitor.flush for pali
2024-03-04 08:28:34,724 INFO scheduler Scheduled Job Start: frappe.utils.global_search.sync_global_search for pali
2024-03-04 08:28:35,040 INFO scheduler Scheduled Job Complete: frappe.utils.global_search.sync_global_search for pali
2024-03-04 08:28:35,210 INFO scheduler Scheduled Job Start: frappe.integrations.doctype.razorpay_settings.razorpay_settings.capture_payment for pali
2024-03-04 08:28:35,594 INFO scheduler Scheduled Job Complete: frappe.integrations.doctype.razorpay_settings.razorpay_settings.capture_payment for pali
2024-03-04 08:28:35,735 INFO scheduler Scheduled Job Start: frappe.email.doctype.email_account.email_account.notify_unreplied for pali
2024-03-04 08:28:36,045 INFO scheduler Scheduled Job Complete: frappe.email.doctype.email_account.email_account.notify_unreplied for pali
2024-03-04 08:28:36,185 INFO scheduler Scheduled Job Start: frappe.email.doctype.email_account.email_account.pull for pali
2024-03-04 08:28:36,509 INFO scheduler Scheduled Job Complete: frappe.email.doctype.email_account.email_account.pull for pali
2024-03-04 08:28:36,636 INFO scheduler Scheduled Job Start: frappe.email.queue.flush for pali
2024-03-04 08:28:36,876 INFO scheduler Scheduled Job Complete: frappe.email.queue.flush for pali
2024-03-04 08:29:34,264 DEBUG scheduler Queued events for site pali
2024-03-04 08:30:34,560 DEBUG scheduler Queued events for site pali
2024-03-04 08:30:34,756 INFO scheduler Scheduled Job Start: frappe.twofactor.delete_all_barcodes_for_users for pali
2024-03-04 08:30:35,344 INFO scheduler Scheduled Job Complete: frappe.twofactor.delete_all_barcodes_for_users for pali
2024-03-04 08:30:35,541 INFO scheduler Scheduled Job Start: frappe.website.doctype.web_page.web_page.check_publish_status for pali
2024-03-04 08:30:36,048 INFO scheduler Scheduled Job Complete: frappe.website.doctype.web_page.web_page.check_publish_status for pali
2024-03-04 08:30:36,214 INFO scheduler Scheduled Job Start: frappe.oauth.delete_oauth2_data for pali
2024-03-04 08:30:36,582 INFO scheduler Scheduled Job Complete: frappe.oauth.delete_oauth2_data for pali
2024-03-04 08:31:32,760 DEBUG scheduler Queued events for site pali
2024-03-04 08:32:33,114 DEBUG scheduler Queued events for site pali
2024-03-04 08:32:33,232 INFO scheduler Scheduled Job Start: frappe.monitor.flush for pali
2024-03-04 08:32:33,590 INFO scheduler Scheduled Job Complete: frappe.monitor.flush for pali
2024-03-04 08:32:33,800 INFO scheduler Scheduled Job Start: frappe.utils.global_search.sync_global_search for pali
2024-03-04 08:32:34,084 INFO scheduler Scheduled Job Complete: frappe.utils.global_search.sync_global_search for pali
2024-03-04 08:32:34,256 INFO scheduler Scheduled Job Start: frappe.integrations.doctype.razorpay_settings.razorpay_settings.capture_payment for pali
2024-03-04 08:32:34,634 INFO scheduler Scheduled Job Complete: frappe.integrations.doctype.razorpay_settings.razorpay_settings.capture_payment for pali
2024-03-04 08:32:34,794 INFO scheduler Scheduled Job Start: frappe.email.doctype.email_account.email_account.notify_unreplied for pali
2024-03-04 08:32:35,120 INFO scheduler Scheduled Job Complete: frappe.email.doctype.email_account.email_account.notify_unreplied for pali
2024-03-04 08:32:35,268 INFO scheduler Scheduled Job Start: frappe.email.doctype.email_account.email_account.pull for pali
2024-03-04 08:32:35,611 INFO scheduler Scheduled Job Complete: frappe.email.doctype.email_account.email_account.pull for pali
2024-03-04 08:32:35,749 INFO scheduler Scheduled Job Start: frappe.email.queue.flush for pali
2024-03-04 08:32:35,995 INFO scheduler Scheduled Job Complete: frappe.email.queue.flush for pali
2024-03-04 08:33:33,403 DEBUG scheduler Queued events for site pali
2024-03-04 08:34:33,652 DEBUG scheduler Queued events for site pali
2024-03-04 08:35:33,919 DEBUG scheduler Queued events for site pali
2024-03-04 08:36:34,261 DEBUG scheduler Queued events for site pali
2024-03-04 08:36:34,383 INFO scheduler Scheduled Job Start: frappe.monitor.flush for pali
2024-03-04 08:36:34,756 INFO scheduler Scheduled Job Complete: frappe.monitor.flush for pali
2024-03-04 08:36:34,945 INFO scheduler Scheduled Job Start: frappe.utils.global_search.sync_global_search for pali
2024-03-04 08:36:35,240 INFO scheduler Scheduled Job Complete: frappe.utils.global_search.sync_global_search for pali
2024-03-04 08:36:35,396 INFO scheduler Scheduled Job Start: frappe.integrations.doctype.razorpay_settings.razorpay_settings.capture_payment for pali
2024-03-04 08:36:35,768 INFO scheduler Scheduled Job Complete: frappe.integrations.doctype.razorpay_settings.razorpay_settings.capture_payment for pali
2024-03-04 08:36:35,908 INFO scheduler Scheduled Job Start: frappe.email.doctype.email_account.email_account.notify_unreplied for pali
2024-03-04 08:36:36,213 INFO scheduler Scheduled Job Complete: frappe.email.doctype.email_account.email_account.notify_unreplied for pali
2024-03-04 08:36:36,345 INFO scheduler Scheduled Job Start: frappe.email.doctype.email_account.email_account.pull for pali
2024-03-04 08:36:36,670 INFO scheduler Scheduled Job Complete: frappe.email.doctype.email_account.email_account.pull for pali
2024-03-04 08:36:36,798 INFO scheduler Scheduled Job Start: frappe.email.queue.flush for pali
2024-03-04 08:36:37,037 INFO scheduler Scheduled Job Complete: frappe.email.queue.flush for pali
2024-03-04 08:37:34,506 DEBUG scheduler Queued events for site pali
2024-03-04 08:38:34,776 DEBUG scheduler Queued events for site pali
2024-03-04 08:39:35,020 DEBUG scheduler Queued events for site pali
2024-03-04 08:40:35,373 DEBUG scheduler Queued events for site pali
2024-03-04 08:40:35,493 INFO scheduler Scheduled Job Start: frappe.monitor.flush for pali
2024-03-04 08:40:35,906 INFO scheduler Scheduled Job Complete: frappe.monitor.flush for pali
2024-03-04 08:40:36,097 INFO scheduler Scheduled Job Start: frappe.utils.global_search.sync_global_search for pali
2024-03-04 08:40:36,422 INFO scheduler Scheduled Job Complete: frappe.utils.global_search.sync_global_search for pali
2024-03-04 08:40:36,579 INFO scheduler Scheduled Job Start: frappe.integrations.doctype.razorpay_settings.razorpay_settings.capture_payment for pali
2024-03-04 08:40:36,963 INFO scheduler Scheduled Job Complete: frappe.integrations.doctype.razorpay_settings.razorpay_settings.capture_payment for pali
2024-03-04 08:40:37,104 INFO scheduler Scheduled Job Start: frappe.email.doctype.email_account.email_account.notify_unreplied for pali
2024-03-04 08:40:37,414 INFO scheduler Scheduled Job Complete: frappe.email.doctype.email_account.email_account.notify_unreplied for pali
2024-03-04 08:40:37,546 INFO scheduler Scheduled Job Start: frappe.email.doctype.email_account.email_account.pull for pali
2024-03-04 08:40:37,875 INFO scheduler Scheduled Job Complete: frappe.email.doctype.email_account.email_account.pull for pali
2024-03-04 08:40:38,003 INFO scheduler Scheduled Job Start: frappe.email.queue.flush for pali
2024-03-04 08:40:38,249 INFO scheduler Scheduled Job Complete: frappe.email.queue.flush for pali
2024-03-04 08:41:35,664 DEBUG scheduler Queued events for site pali
2024-03-04 08:42:35,937 DEBUG scheduler Queued events for site pali
2024-03-04 08:43:36,208 DEBUG scheduler Queued events for site pali
2024-03-04 08:44:36,569 DEBUG scheduler Queued events for site pali
2024-03-04 08:44:36,691 INFO scheduler Scheduled Job Start: frappe.monitor.flush for pali
2024-03-04 08:44:37,049 INFO scheduler Scheduled Job Complete: frappe.monitor.flush for pali
2024-03-04 08:44:37,244 INFO scheduler Scheduled Job Start: frappe.utils.global_search.sync_global_search for pali
2024-03-04 08:44:37,525 INFO scheduler Scheduled Job Complete: frappe.utils.global_search.sync_global_search for pali
2024-03-04 08:44:37,676 INFO scheduler Scheduled Job Start: frappe.integrations.doctype.razorpay_settings.razorpay_settings.capture_payment for pali
2024-03-04 08:44:38,045 INFO scheduler Scheduled Job Complete: frappe.integrations.doctype.razorpay_settings.razorpay_settings.capture_payment for pali
2024-03-04 08:44:38,184 INFO scheduler Scheduled Job Start: frappe.email.doctype.email_account.email_account.notify_unreplied for pali
2024-03-04 08:44:38,487 INFO scheduler Scheduled Job Complete: frappe.email.doctype.email_account.email_account.notify_unreplied for pali
2024-03-04 08:44:38,617 INFO scheduler Scheduled Job Start: frappe.email.doctype.email_account.email_account.pull for pali
2024-03-04 08:44:38,940 INFO scheduler Scheduled Job Complete: frappe.email.doctype.email_account.email_account.pull for pali
2024-03-04 08:44:39,066 INFO scheduler Scheduled Job Start: frappe.email.queue.flush for pali
2024-03-04 08:44:39,303 INFO scheduler Scheduled Job Complete: frappe.email.queue.flush for pali
2024-03-04 08:45:36,885 DEBUG scheduler Queued events for site pali
2024-03-04 08:45:37,063 INFO scheduler Scheduled Job Start: frappe.twofactor.delete_all_barcodes_for_users for pali
2024-03-04 08:45:37,613 INFO scheduler Scheduled Job Complete: frappe.twofactor.delete_all_barcodes_for_users for pali
2024-03-04 08:45:37,799 INFO scheduler Scheduled Job Start: frappe.website.doctype.web_page.web_page.check_publish_status for pali
2024-03-04 08:45:38,298 INFO scheduler Scheduled Job Complete: frappe.website.doctype.web_page.web_page.check_publish_status for pali
2024-03-04 08:45:38,458 INFO scheduler Scheduled Job Start: frappe.oauth.delete_oauth2_data for pali
2024-03-04 08:45:38,820 INFO scheduler Scheduled Job Complete: frappe.oauth.delete_oauth2_data for pali
2024-03-04 08:46:37,171 DEBUG scheduler Queued events for site pali
2024-03-04 08:47:37,415 DEBUG scheduler Queued events for site pali
2024-03-04 08:48:37,755 DEBUG scheduler Queued events for site pali
2024-03-04 08:48:37,885 INFO scheduler Scheduled Job Start: frappe.monitor.flush for pali
2024-03-04 08:48:38,298 INFO scheduler Scheduled Job Complete: frappe.monitor.flush for pali
2024-03-04 08:48:38,518 INFO scheduler Scheduled Job Start: frappe.utils.global_search.sync_global_search for pali
2024-03-04 08:48:38,843 INFO scheduler Scheduled Job Complete: frappe.utils.global_search.sync_global_search for pali
2024-03-04 08:48:39,015 INFO scheduler Scheduled Job Start: frappe.integrations.doctype.razorpay_settings.razorpay_settings.capture_payment for pali
2024-03-04 08:48:39,454 INFO scheduler Scheduled Job Complete: frappe.integrations.doctype.razorpay_settings.razorpay_settings.capture_payment for pali
2024-03-04 08:48:39,644 INFO scheduler Scheduled Job Start: frappe.email.doctype.email_account.email_account.notify_unreplied for pali
2024-03-04 08:48:40,127 INFO scheduler Scheduled Job Complete: frappe.email.doctype.email_account.email_account.notify_unreplied for pali
2024-03-04 08:48:40,281 INFO scheduler Scheduled Job Start: frappe.email.doctype.email_account.email_account.pull for pali
2024-03-04 08:48:40,598 INFO scheduler Scheduled Job Complete: frappe.email.doctype.email_account.email_account.pull for pali
2024-03-04 08:48:40,725 INFO scheduler Scheduled Job Start: frappe.email.queue.flush for pali
2024-03-04 08:48:40,974 INFO scheduler Scheduled Job Complete: frappe.email.queue.flush for pali
2024-03-04 08:49:38,036 DEBUG scheduler Queued events for site pali
2024-03-04 08:50:38,278 DEBUG scheduler Queued events for site pali
