2024-03-08 14:17:05,146 DEBUG scheduler Queued events for site pali
2024-03-08 14:18:05,275 DEBUG scheduler Queued events for site pali
2024-03-08 14:19:05,439 DEBUG scheduler Queued events for site pali
2024-03-08 14:20:05,620 DEBUG scheduler Queued events for site pali
2024-03-08 14:20:05,651 INFO scheduler Scheduled Job Start: frappe.monitor.flush for pali
2024-03-08 14:20:05,753 INFO scheduler Scheduled Job Complete: frappe.monitor.flush for pali
2024-03-08 14:20:05,812 INFO scheduler Scheduled Job Start: frappe.utils.global_search.sync_global_search for pali
2024-03-08 14:20:05,914 INFO scheduler Scheduled Job Complete: frappe.utils.global_search.sync_global_search for pali
2024-03-08 14:20:05,973 INFO scheduler Scheduled Job Start: frappe.integrations.doctype.razorpay_settings.razorpay_settings.capture_payment for pali
2024-03-08 14:20:06,124 INFO scheduler Scheduled Job Complete: frappe.integrations.doctype.razorpay_settings.razorpay_settings.capture_payment for pali
2024-03-08 14:20:06,183 INFO scheduler Scheduled Job Start: frappe.email.doctype.email_account.email_account.notify_unreplied for pali
2024-03-08 14:20:06,327 INFO scheduler Scheduled Job Complete: frappe.email.doctype.email_account.email_account.notify_unreplied for pali
2024-03-08 14:20:06,387 INFO scheduler Scheduled Job Start: frappe.email.doctype.email_account.email_account.pull for pali
2024-03-08 14:20:06,543 INFO scheduler Scheduled Job Complete: frappe.email.doctype.email_account.email_account.pull for pali
2024-03-08 14:20:06,603 INFO scheduler Scheduled Job Start: frappe.email.queue.flush for pali
2024-03-08 14:20:06,715 INFO scheduler Scheduled Job Complete: frappe.email.queue.flush for pali
2024-03-08 14:21:05,776 DEBUG scheduler Queued events for site pali
2024-03-08 14:22:05,935 DEBUG scheduler Queued events for site pali
2024-03-08 14:23:06,072 DEBUG scheduler Queued events for site pali
2024-03-08 14:24:06,232 DEBUG scheduler Queued events for site pali
2024-03-08 14:24:06,267 INFO scheduler Scheduled Job Start: frappe.monitor.flush for pali
2024-03-08 14:24:06,378 INFO scheduler Scheduled Job Complete: frappe.monitor.flush for pali
2024-03-08 14:24:06,457 INFO scheduler Scheduled Job Start: frappe.utils.global_search.sync_global_search for pali
2024-03-08 14:24:06,567 INFO scheduler Scheduled Job Complete: frappe.utils.global_search.sync_global_search for pali
2024-03-08 14:24:06,628 INFO scheduler Scheduled Job Start: frappe.integrations.doctype.razorpay_settings.razorpay_settings.capture_payment for pali
2024-03-08 14:24:06,793 INFO scheduler Scheduled Job Complete: frappe.integrations.doctype.razorpay_settings.razorpay_settings.capture_payment for pali
2024-03-08 14:24:06,854 INFO scheduler Scheduled Job Start: frappe.email.doctype.email_account.email_account.notify_unreplied for pali
2024-03-08 14:24:07,003 INFO scheduler Scheduled Job Complete: frappe.email.doctype.email_account.email_account.notify_unreplied for pali
2024-03-08 14:24:07,109 INFO scheduler Scheduled Job Start: frappe.email.doctype.email_account.email_account.pull for pali
2024-03-08 14:24:07,308 INFO scheduler Scheduled Job Complete: frappe.email.doctype.email_account.email_account.pull for pali
2024-03-08 14:24:07,369 INFO scheduler Scheduled Job Start: frappe.email.queue.flush for pali
2024-03-08 14:24:07,541 INFO scheduler Scheduled Job Complete: frappe.email.queue.flush for pali
2024-03-08 14:25:06,400 DEBUG scheduler Queued events for site pali
2024-03-08 14:26:06,562 DEBUG scheduler Queued events for site pali
2024-03-08 14:27:06,728 DEBUG scheduler Queued events for site pali
2024-03-08 14:28:06,911 DEBUG scheduler Queued events for site pali
2024-03-08 14:28:06,942 INFO scheduler Scheduled Job Start: frappe.monitor.flush for pali
2024-03-08 14:28:07,048 INFO scheduler Scheduled Job Complete: frappe.monitor.flush for pali
2024-03-08 14:28:07,107 INFO scheduler Scheduled Job Start: frappe.utils.global_search.sync_global_search for pali
2024-03-08 14:28:07,209 INFO scheduler Scheduled Job Complete: frappe.utils.global_search.sync_global_search for pali
2024-03-08 14:28:07,268 INFO scheduler Scheduled Job Start: frappe.integrations.doctype.razorpay_settings.razorpay_settings.capture_payment for pali
2024-03-08 14:28:07,419 INFO scheduler Scheduled Job Complete: frappe.integrations.doctype.razorpay_settings.razorpay_settings.capture_payment for pali
2024-03-08 14:28:07,478 INFO scheduler Scheduled Job Start: frappe.email.doctype.email_account.email_account.notify_unreplied for pali
2024-03-08 14:28:07,623 INFO scheduler Scheduled Job Complete: frappe.email.doctype.email_account.email_account.notify_unreplied for pali
2024-03-08 14:28:07,683 INFO scheduler Scheduled Job Start: frappe.email.doctype.email_account.email_account.pull for pali
2024-03-08 14:28:07,840 INFO scheduler Scheduled Job Complete: frappe.email.doctype.email_account.email_account.pull for pali
2024-03-08 14:28:07,900 INFO scheduler Scheduled Job Start: frappe.email.queue.flush for pali
2024-03-08 14:28:08,012 INFO scheduler Scheduled Job Complete: frappe.email.queue.flush for pali
2024-03-08 14:29:07,080 DEBUG scheduler Queued events for site pali
2024-03-08 14:30:07,249 DEBUG scheduler Queued events for site pali
2024-03-08 14:30:07,299 INFO scheduler Scheduled Job Start: frappe.twofactor.delete_all_barcodes_for_users for pali
2024-03-08 14:30:07,490 INFO scheduler Scheduled Job Complete: frappe.twofactor.delete_all_barcodes_for_users for pali
2024-03-08 14:30:07,555 INFO scheduler Scheduled Job Start: frappe.website.doctype.web_page.web_page.check_publish_status for pali
2024-03-08 14:30:07,768 INFO scheduler Scheduled Job Complete: frappe.website.doctype.web_page.web_page.check_publish_status for pali
2024-03-08 14:30:07,833 INFO scheduler Scheduled Job Start: frappe.oauth.delete_oauth2_data for pali
2024-03-08 14:30:08,022 INFO scheduler Scheduled Job Complete: frappe.oauth.delete_oauth2_data for pali
2024-03-08 14:31:07,406 DEBUG scheduler Queued events for site pali
2024-03-08 14:32:07,563 DEBUG scheduler Queued events for site pali
2024-03-08 14:32:07,593 INFO scheduler Scheduled Job Start: frappe.monitor.flush for pali
2024-03-08 14:32:07,744 INFO scheduler Scheduled Job Complete: frappe.monitor.flush for pali
2024-03-08 14:32:07,824 INFO scheduler Scheduled Job Start: frappe.utils.global_search.sync_global_search for pali
2024-03-08 14:32:07,951 INFO scheduler Scheduled Job Complete: frappe.utils.global_search.sync_global_search for pali
2024-03-08 14:32:08,012 INFO scheduler Scheduled Job Start: frappe.integrations.doctype.razorpay_settings.razorpay_settings.capture_payment for pali
2024-03-08 14:32:08,215 INFO scheduler Scheduled Job Complete: frappe.integrations.doctype.razorpay_settings.razorpay_settings.capture_payment for pali
2024-03-08 14:32:08,275 INFO scheduler Scheduled Job Start: frappe.email.doctype.email_account.email_account.notify_unreplied for pali
2024-03-08 14:32:08,419 INFO scheduler Scheduled Job Complete: frappe.email.doctype.email_account.email_account.notify_unreplied for pali
2024-03-08 14:32:08,478 INFO scheduler Scheduled Job Start: frappe.email.doctype.email_account.email_account.pull for pali
2024-03-08 14:32:08,637 INFO scheduler Scheduled Job Complete: frappe.email.doctype.email_account.email_account.pull for pali
2024-03-08 14:32:08,696 INFO scheduler Scheduled Job Start: frappe.email.queue.flush for pali
2024-03-08 14:32:08,810 INFO scheduler Scheduled Job Complete: frappe.email.queue.flush for pali
2024-03-08 14:33:07,735 DEBUG scheduler Queued events for site pali
2024-03-08 14:34:07,899 DEBUG scheduler Queued events for site pali
2024-03-08 14:35:08,062 DEBUG scheduler Queued events for site pali
2024-03-08 14:36:08,217 DEBUG scheduler Queued events for site pali
2024-03-08 14:36:08,272 INFO scheduler Scheduled Job Start: frappe.monitor.flush for pali
2024-03-08 14:36:08,405 INFO scheduler Scheduled Job Complete: frappe.monitor.flush for pali
2024-03-08 14:36:08,467 INFO scheduler Scheduled Job Start: frappe.utils.global_search.sync_global_search for pali
2024-03-08 14:36:08,571 INFO scheduler Scheduled Job Complete: frappe.utils.global_search.sync_global_search for pali
2024-03-08 14:36:08,632 INFO scheduler Scheduled Job Start: frappe.integrations.doctype.razorpay_settings.razorpay_settings.capture_payment for pali
2024-03-08 14:36:08,783 INFO scheduler Scheduled Job Complete: frappe.integrations.doctype.razorpay_settings.razorpay_settings.capture_payment for pali
2024-03-08 14:36:08,847 INFO scheduler Scheduled Job Start: frappe.email.doctype.email_account.email_account.notify_unreplied for pali
2024-03-08 14:36:09,012 INFO scheduler Scheduled Job Complete: frappe.email.doctype.email_account.email_account.notify_unreplied for pali
2024-03-08 14:36:09,074 INFO scheduler Scheduled Job Start: frappe.email.doctype.email_account.email_account.pull for pali
2024-03-08 14:36:09,258 INFO scheduler Scheduled Job Complete: frappe.email.doctype.email_account.email_account.pull for pali
2024-03-08 14:36:09,322 INFO scheduler Scheduled Job Start: frappe.email.queue.flush for pali
2024-03-08 14:36:09,438 INFO scheduler Scheduled Job Complete: frappe.email.queue.flush for pali
2024-03-08 14:37:08,373 DEBUG scheduler Queued events for site pali
2024-03-08 14:38:08,504 DEBUG scheduler Queued events for site pali
2024-03-08 14:39:08,637 DEBUG scheduler Queued events for site pali
2024-03-08 14:40:08,819 DEBUG scheduler Queued events for site pali
2024-03-08 14:40:08,852 INFO scheduler Scheduled Job Start: frappe.monitor.flush for pali
2024-03-08 14:40:08,969 INFO scheduler Scheduled Job Complete: frappe.monitor.flush for pali
2024-03-08 14:40:09,037 INFO scheduler Scheduled Job Start: frappe.utils.global_search.sync_global_search for pali
2024-03-08 14:40:09,144 INFO scheduler Scheduled Job Complete: frappe.utils.global_search.sync_global_search for pali
2024-03-08 14:40:09,206 INFO scheduler Scheduled Job Start: frappe.integrations.doctype.razorpay_settings.razorpay_settings.capture_payment for pali
2024-03-08 14:40:09,432 INFO scheduler Scheduled Job Complete: frappe.integrations.doctype.razorpay_settings.razorpay_settings.capture_payment for pali
2024-03-08 14:40:09,494 INFO scheduler Scheduled Job Start: frappe.email.doctype.email_account.email_account.notify_unreplied for pali
2024-03-08 14:40:09,654 INFO scheduler Scheduled Job Complete: frappe.email.doctype.email_account.email_account.notify_unreplied for pali
2024-03-08 14:40:09,717 INFO scheduler Scheduled Job Start: frappe.email.doctype.email_account.email_account.pull for pali
2024-03-08 14:40:09,891 INFO scheduler Scheduled Job Complete: frappe.email.doctype.email_account.email_account.pull for pali
2024-03-08 14:40:09,952 INFO scheduler Scheduled Job Start: frappe.email.queue.flush for pali
2024-03-08 14:40:10,072 INFO scheduler Scheduled Job Complete: frappe.email.queue.flush for pali
2024-03-08 14:41:08,968 DEBUG scheduler Queued events for site pali
2024-03-08 14:42:09,095 DEBUG scheduler Queued events for site pali
2024-03-08 14:43:09,233 DEBUG scheduler Queued events for site pali
2024-03-08 14:44:09,417 DEBUG scheduler Queued events for site pali
2024-03-08 14:44:09,445 INFO scheduler Scheduled Job Start: frappe.monitor.flush for pali
2024-03-08 14:44:09,549 INFO scheduler Scheduled Job Complete: frappe.monitor.flush for pali
2024-03-08 14:44:09,608 INFO scheduler Scheduled Job Start: frappe.utils.global_search.sync_global_search for pali
2024-03-08 14:44:09,710 INFO scheduler Scheduled Job Complete: frappe.utils.global_search.sync_global_search for pali
2024-03-08 14:44:09,768 INFO scheduler Scheduled Job Start: frappe.integrations.doctype.razorpay_settings.razorpay_settings.capture_payment for pali
2024-03-08 14:44:09,920 INFO scheduler Scheduled Job Complete: frappe.integrations.doctype.razorpay_settings.razorpay_settings.capture_payment for pali
2024-03-08 14:44:09,980 INFO scheduler Scheduled Job Start: frappe.email.doctype.email_account.email_account.notify_unreplied for pali
2024-03-08 14:44:10,125 INFO scheduler Scheduled Job Complete: frappe.email.doctype.email_account.email_account.notify_unreplied for pali
2024-03-08 14:44:10,184 INFO scheduler Scheduled Job Start: frappe.email.doctype.email_account.email_account.pull for pali
2024-03-08 14:44:10,350 INFO scheduler Scheduled Job Complete: frappe.email.doctype.email_account.email_account.pull for pali
2024-03-08 14:44:10,412 INFO scheduler Scheduled Job Start: frappe.email.queue.flush for pali
2024-03-08 14:44:10,524 INFO scheduler Scheduled Job Complete: frappe.email.queue.flush for pali
2024-03-08 14:45:09,595 DEBUG scheduler Queued events for site pali
2024-03-08 14:45:09,654 INFO scheduler Scheduled Job Start: frappe.twofactor.delete_all_barcodes_for_users for pali
2024-03-08 14:45:09,846 INFO scheduler Scheduled Job Complete: frappe.twofactor.delete_all_barcodes_for_users for pali
2024-03-08 14:45:09,910 INFO scheduler Scheduled Job Start: frappe.website.doctype.web_page.web_page.check_publish_status for pali
2024-03-08 14:45:10,122 INFO scheduler Scheduled Job Complete: frappe.website.doctype.web_page.web_page.check_publish_status for pali
2024-03-08 14:45:10,186 INFO scheduler Scheduled Job Start: frappe.oauth.delete_oauth2_data for pali
2024-03-08 14:45:10,373 INFO scheduler Scheduled Job Complete: frappe.oauth.delete_oauth2_data for pali
2024-03-08 14:46:09,765 DEBUG scheduler Queued events for site pali
2024-03-08 14:47:09,892 DEBUG scheduler Queued events for site pali
2024-03-08 14:48:10,057 DEBUG scheduler Queued events for site pali
2024-03-08 14:48:10,090 INFO scheduler Scheduled Job Start: frappe.monitor.flush for pali
2024-03-08 14:48:10,195 INFO scheduler Scheduled Job Complete: frappe.monitor.flush for pali
2024-03-08 14:48:10,255 INFO scheduler Scheduled Job Start: frappe.utils.global_search.sync_global_search for pali
2024-03-08 14:48:10,360 INFO scheduler Scheduled Job Complete: frappe.utils.global_search.sync_global_search for pali
2024-03-08 14:48:10,427 INFO scheduler Scheduled Job Start: frappe.integrations.doctype.razorpay_settings.razorpay_settings.capture_payment for pali
2024-03-08 14:48:10,591 INFO scheduler Scheduled Job Complete: frappe.integrations.doctype.razorpay_settings.razorpay_settings.capture_payment for pali
2024-03-08 14:48:10,652 INFO scheduler Scheduled Job Start: frappe.email.doctype.email_account.email_account.notify_unreplied for pali
2024-03-08 14:48:10,803 INFO scheduler Scheduled Job Complete: frappe.email.doctype.email_account.email_account.notify_unreplied for pali
2024-03-08 14:48:10,870 INFO scheduler Scheduled Job Start: frappe.email.doctype.email_account.email_account.pull for pali
2024-03-08 14:48:11,032 INFO scheduler Scheduled Job Complete: frappe.email.doctype.email_account.email_account.pull for pali
2024-03-08 14:48:11,093 INFO scheduler Scheduled Job Start: frappe.email.queue.flush for pali
2024-03-08 14:48:11,208 INFO scheduler Scheduled Job Complete: frappe.email.queue.flush for pali
2024-03-08 14:49:10,225 DEBUG scheduler Queued events for site pali
2024-03-08 14:50:10,397 DEBUG scheduler Queued events for site pali
2024-03-08 14:51:10,536 DEBUG scheduler Queued events for site pali
2024-03-08 14:52:10,717 DEBUG scheduler Queued events for site pali
2024-03-08 14:52:10,751 INFO scheduler Scheduled Job Start: frappe.monitor.flush for pali
2024-03-08 14:52:10,853 INFO scheduler Scheduled Job Complete: frappe.monitor.flush for pali
2024-03-08 14:52:10,913 INFO scheduler Scheduled Job Start: frappe.utils.global_search.sync_global_search for pali
2024-03-08 14:52:11,015 INFO scheduler Scheduled Job Complete: frappe.utils.global_search.sync_global_search for pali
2024-03-08 14:52:11,075 INFO scheduler Scheduled Job Start: frappe.integrations.doctype.razorpay_settings.razorpay_settings.capture_payment for pali
2024-03-08 14:52:11,226 INFO scheduler Scheduled Job Complete: frappe.integrations.doctype.razorpay_settings.razorpay_settings.capture_payment for pali
2024-03-08 14:52:11,286 INFO scheduler Scheduled Job Start: frappe.email.doctype.email_account.email_account.notify_unreplied for pali
2024-03-08 14:52:11,428 INFO scheduler Scheduled Job Complete: frappe.email.doctype.email_account.email_account.notify_unreplied for pali
2024-03-08 14:52:11,489 INFO scheduler Scheduled Job Start: frappe.email.doctype.email_account.email_account.pull for pali
2024-03-08 14:52:11,645 INFO scheduler Scheduled Job Complete: frappe.email.doctype.email_account.email_account.pull for pali
2024-03-08 14:52:11,706 INFO scheduler Scheduled Job Start: frappe.email.queue.flush for pali
2024-03-08 14:52:11,820 INFO scheduler Scheduled Job Complete: frappe.email.queue.flush for pali
2024-03-08 14:53:10,835 DEBUG scheduler Queued events for site pali
2024-03-08 14:54:10,961 DEBUG scheduler Queued events for site pali
2024-03-08 14:55:11,070 DEBUG scheduler Queued events for site pali
2024-03-08 14:56:11,243 DEBUG scheduler Queued events for site pali
2024-03-08 14:56:11,276 INFO scheduler Scheduled Job Start: frappe.monitor.flush for pali
2024-03-08 14:56:11,379 INFO scheduler Scheduled Job Complete: frappe.monitor.flush for pali
2024-03-08 14:56:11,438 INFO scheduler Scheduled Job Start: frappe.utils.global_search.sync_global_search for pali
2024-03-08 14:56:11,541 INFO scheduler Scheduled Job Complete: frappe.utils.global_search.sync_global_search for pali
2024-03-08 14:56:11,612 INFO scheduler Scheduled Job Start: frappe.integrations.doctype.razorpay_settings.razorpay_settings.capture_payment for pali
2024-03-08 14:56:11,782 INFO scheduler Scheduled Job Complete: frappe.integrations.doctype.razorpay_settings.razorpay_settings.capture_payment for pali
2024-03-08 14:56:11,848 INFO scheduler Scheduled Job Start: frappe.email.doctype.email_account.email_account.notify_unreplied for pali
2024-03-08 14:56:12,134 INFO scheduler Scheduled Job Complete: frappe.email.doctype.email_account.email_account.notify_unreplied for pali
2024-03-08 14:56:12,324 INFO scheduler Scheduled Job Start: frappe.email.doctype.email_account.email_account.pull for pali
2024-03-08 14:56:12,428 INFO scheduler Scheduled Job Complete: frappe.email.doctype.email_account.email_account.pull for pali
2024-03-08 14:56:12,498 INFO scheduler Scheduled Job Start: frappe.email.queue.flush for pali
2024-03-08 14:56:12,633 INFO scheduler Scheduled Job Complete: frappe.email.queue.flush for pali
2024-03-08 14:57:11,422 DEBUG scheduler Queued events for site pali
2024-03-08 14:58:11,608 DEBUG scheduler Queued events for site pali
2024-03-08 14:59:11,780 DEBUG scheduler Queued events for site pali
2024-03-08 15:00:11,992 INFO scheduler Scheduled Job Start: frappe.email.doctype.newsletter.newsletter.send_scheduled_email for pali
2024-03-08 15:00:12,013 DEBUG scheduler Queued events for site pali
2024-03-08 15:00:12,236 INFO scheduler Scheduled Job Complete: frappe.email.doctype.newsletter.newsletter.send_scheduled_email for pali
2024-03-08 15:00:12,302 INFO scheduler Scheduled Job Start: frappe.integrations.doctype.google_calendar.google_calendar.sync for pali
2024-03-08 15:00:12,594 INFO scheduler Scheduled Job Complete: frappe.integrations.doctype.google_calendar.google_calendar.sync for pali
2024-03-08 15:00:12,657 INFO scheduler Scheduled Job Start: frappe.desk.form.document_follow.send_hourly_updates for pali
2024-03-08 15:00:12,854 INFO scheduler Scheduled Job Complete: frappe.desk.form.document_follow.send_hourly_updates for pali
2024-03-08 15:00:12,915 INFO scheduler Scheduled Job Start: frappe.deferred_insert.save_to_db for pali
2024-03-08 15:00:13,224 INFO scheduler Scheduled Job Complete: frappe.deferred_insert.save_to_db for pali
2024-03-08 15:00:13,286 INFO scheduler Scheduled Job Start: frappe.desk.page.backups.backups.delete_downloadable_backups for pali
2024-03-08 15:00:13,454 INFO scheduler Scheduled Job Complete: frappe.desk.page.backups.backups.delete_downloadable_backups for pali
2024-03-08 15:00:13,517 INFO scheduler Scheduled Job Start: frappe.utils.error.collect_error_snapshots for pali
2024-03-08 15:00:13,713 INFO scheduler Scheduled Job Complete: frappe.utils.error.collect_error_snapshots for pali
2024-03-08 15:00:13,780 INFO scheduler Scheduled Job Start: frappe.model.utils.user_settings.sync_user_settings for pali
2024-03-08 15:00:13,932 INFO scheduler Scheduled Job Complete: frappe.model.utils.user_settings.sync_user_settings for pali
2024-03-08 15:00:13,994 INFO scheduler Scheduled Job Start: frappe.model.utils.link_count.update_link_count for pali
2024-03-08 15:00:14,146 INFO scheduler Scheduled Job Complete: frappe.model.utils.link_count.update_link_count for pali
2024-03-08 15:00:14,210 INFO scheduler Scheduled Job Start: frappe.monitor.flush for pali
2024-03-08 15:00:14,314 INFO scheduler Scheduled Job Complete: frappe.monitor.flush for pali
2024-03-08 15:00:14,375 INFO scheduler Scheduled Job Start: frappe.utils.global_search.sync_global_search for pali
2024-03-08 15:00:14,481 INFO scheduler Scheduled Job Complete: frappe.utils.global_search.sync_global_search for pali
2024-03-08 15:00:14,541 INFO scheduler Scheduled Job Start: frappe.integrations.doctype.razorpay_settings.razorpay_settings.capture_payment for pali
2024-03-08 15:00:14,751 INFO scheduler Scheduled Job Complete: frappe.integrations.doctype.razorpay_settings.razorpay_settings.capture_payment for pali
2024-03-08 15:00:14,811 INFO scheduler Scheduled Job Start: frappe.email.doctype.email_account.email_account.notify_unreplied for pali
2024-03-08 15:00:14,955 INFO scheduler Scheduled Job Complete: frappe.email.doctype.email_account.email_account.notify_unreplied for pali
2024-03-08 15:00:15,017 INFO scheduler Scheduled Job Start: frappe.email.doctype.email_account.email_account.pull for pali
2024-03-08 15:00:15,175 INFO scheduler Scheduled Job Complete: frappe.email.doctype.email_account.email_account.pull for pali
2024-03-08 15:00:15,236 INFO scheduler Scheduled Job Start: frappe.email.queue.flush for pali
2024-03-08 15:00:15,351 INFO scheduler Scheduled Job Complete: frappe.email.queue.flush for pali
2024-03-08 15:00:15,411 INFO scheduler Scheduled Job Start: frappe.twofactor.delete_all_barcodes_for_users for pali
2024-03-08 15:00:15,593 INFO scheduler Scheduled Job Complete: frappe.twofactor.delete_all_barcodes_for_users for pali
2024-03-08 15:00:15,659 INFO scheduler Scheduled Job Start: frappe.website.doctype.web_page.web_page.check_publish_status for pali
2024-03-08 15:00:15,899 INFO scheduler Scheduled Job Complete: frappe.website.doctype.web_page.web_page.check_publish_status for pali
2024-03-08 15:00:15,963 INFO scheduler Scheduled Job Start: frappe.oauth.delete_oauth2_data for pali
2024-03-08 15:00:16,172 INFO scheduler Scheduled Job Complete: frappe.oauth.delete_oauth2_data for pali
2024-03-08 15:01:12,184 DEBUG scheduler Queued events for site pali
2024-03-08 15:02:12,335 DEBUG scheduler Queued events for site pali
2024-03-08 15:03:12,464 DEBUG scheduler Queued events for site pali
2024-03-08 15:04:12,672 DEBUG scheduler Queued events for site pali
2024-03-08 15:04:12,705 INFO scheduler Scheduled Job Start: frappe.monitor.flush for pali
2024-03-08 15:04:12,895 INFO scheduler Scheduled Job Complete: frappe.monitor.flush for pali
2024-03-08 15:04:12,955 INFO scheduler Scheduled Job Start: frappe.utils.global_search.sync_global_search for pali
2024-03-08 15:04:13,057 INFO scheduler Scheduled Job Complete: frappe.utils.global_search.sync_global_search for pali
2024-03-08 15:04:13,117 INFO scheduler Scheduled Job Start: frappe.integrations.doctype.razorpay_settings.razorpay_settings.capture_payment for pali
2024-03-08 15:04:13,320 INFO scheduler Scheduled Job Complete: frappe.integrations.doctype.razorpay_settings.razorpay_settings.capture_payment for pali
2024-03-08 15:04:13,379 INFO scheduler Scheduled Job Start: frappe.email.doctype.email_account.email_account.notify_unreplied for pali
2024-03-08 15:04:13,575 INFO scheduler Scheduled Job Complete: frappe.email.doctype.email_account.email_account.notify_unreplied for pali
2024-03-08 15:04:13,635 INFO scheduler Scheduled Job Start: frappe.email.doctype.email_account.email_account.pull for pali
2024-03-08 15:04:13,793 INFO scheduler Scheduled Job Complete: frappe.email.doctype.email_account.email_account.pull for pali
2024-03-08 15:04:13,853 INFO scheduler Scheduled Job Start: frappe.email.queue.flush for pali
2024-03-08 15:04:13,966 INFO scheduler Scheduled Job Complete: frappe.email.queue.flush for pali
2024-03-08 15:05:12,841 DEBUG scheduler Queued events for site pali
2024-03-08 15:06:13,007 DEBUG scheduler Queued events for site pali
2024-03-08 15:07:13,164 DEBUG scheduler Queued events for site pali
2024-03-08 15:08:13,301 DEBUG scheduler Queued events for site pali
2024-03-08 15:08:13,334 INFO scheduler Scheduled Job Start: frappe.monitor.flush for pali
2024-03-08 15:08:13,437 INFO scheduler Scheduled Job Complete: frappe.monitor.flush for pali
2024-03-08 15:08:13,497 INFO scheduler Scheduled Job Start: frappe.utils.global_search.sync_global_search for pali
2024-03-08 15:08:13,601 INFO scheduler Scheduled Job Complete: frappe.utils.global_search.sync_global_search for pali
2024-03-08 15:08:13,661 INFO scheduler Scheduled Job Start: frappe.integrations.doctype.razorpay_settings.razorpay_settings.capture_payment for pali
2024-03-08 15:08:13,814 INFO scheduler Scheduled Job Complete: frappe.integrations.doctype.razorpay_settings.razorpay_settings.capture_payment for pali
2024-03-08 15:08:13,875 INFO scheduler Scheduled Job Start: frappe.email.doctype.email_account.email_account.notify_unreplied for pali
2024-03-08 15:08:14,019 INFO scheduler Scheduled Job Complete: frappe.email.doctype.email_account.email_account.notify_unreplied for pali
2024-03-08 15:08:14,081 INFO scheduler Scheduled Job Start: frappe.email.doctype.email_account.email_account.pull for pali
2024-03-08 15:08:14,236 INFO scheduler Scheduled Job Complete: frappe.email.doctype.email_account.email_account.pull for pali
2024-03-08 15:08:14,297 INFO scheduler Scheduled Job Start: frappe.email.queue.flush for pali
2024-03-08 15:08:14,411 INFO scheduler Scheduled Job Complete: frappe.email.queue.flush for pali
2024-03-08 15:09:13,468 DEBUG scheduler Queued events for site pali
2024-03-08 15:10:13,598 DEBUG scheduler Queued events for site pali
2024-03-08 15:11:13,737 DEBUG scheduler Queued events for site pali
2024-03-08 15:12:13,915 DEBUG scheduler Queued events for site pali
2024-03-08 15:12:13,945 INFO scheduler Scheduled Job Start: frappe.monitor.flush for pali
2024-03-08 15:12:14,050 INFO scheduler Scheduled Job Complete: frappe.monitor.flush for pali
2024-03-08 15:12:14,111 INFO scheduler Scheduled Job Start: frappe.utils.global_search.sync_global_search for pali
2024-03-08 15:12:14,212 INFO scheduler Scheduled Job Complete: frappe.utils.global_search.sync_global_search for pali
2024-03-08 15:12:14,272 INFO scheduler Scheduled Job Start: frappe.integrations.doctype.razorpay_settings.razorpay_settings.capture_payment for pali
2024-03-08 15:12:14,432 INFO scheduler Scheduled Job Complete: frappe.integrations.doctype.razorpay_settings.razorpay_settings.capture_payment for pali
2024-03-08 15:12:14,493 INFO scheduler Scheduled Job Start: frappe.email.doctype.email_account.email_account.notify_unreplied for pali
2024-03-08 15:12:14,656 INFO scheduler Scheduled Job Complete: frappe.email.doctype.email_account.email_account.notify_unreplied for pali
2024-03-08 15:12:14,722 INFO scheduler Scheduled Job Start: frappe.email.doctype.email_account.email_account.pull for pali
2024-03-08 15:12:14,887 INFO scheduler Scheduled Job Complete: frappe.email.doctype.email_account.email_account.pull for pali
2024-03-08 15:12:14,953 INFO scheduler Scheduled Job Start: frappe.email.queue.flush for pali
2024-03-08 15:12:15,087 INFO scheduler Scheduled Job Complete: frappe.email.queue.flush for pali
2024-03-08 15:13:14,085 DEBUG scheduler Queued events for site pali
2024-03-08 15:14:14,251 DEBUG scheduler Queued events for site pali
2024-03-08 15:15:14,424 DEBUG scheduler Queued events for site pali
2024-03-08 15:15:14,471 INFO scheduler Scheduled Job Start: frappe.twofactor.delete_all_barcodes_for_users for pali
2024-03-08 15:15:14,696 INFO scheduler Scheduled Job Complete: frappe.twofactor.delete_all_barcodes_for_users for pali
2024-03-08 15:15:14,761 INFO scheduler Scheduled Job Start: frappe.website.doctype.web_page.web_page.check_publish_status for pali
2024-03-08 15:15:15,012 INFO scheduler Scheduled Job Complete: frappe.website.doctype.web_page.web_page.check_publish_status for pali
2024-03-08 15:15:15,076 INFO scheduler Scheduled Job Start: frappe.oauth.delete_oauth2_data for pali
2024-03-08 15:15:15,294 INFO scheduler Scheduled Job Complete: frappe.oauth.delete_oauth2_data for pali
2024-03-08 15:16:14,609 DEBUG scheduler Queued events for site pali
2024-03-08 15:16:14,640 INFO scheduler Scheduled Job Start: frappe.monitor.flush for pali
2024-03-08 15:16:14,745 INFO scheduler Scheduled Job Complete: frappe.monitor.flush for pali
2024-03-08 15:16:14,804 INFO scheduler Scheduled Job Start: frappe.utils.global_search.sync_global_search for pali
2024-03-08 15:16:14,906 INFO scheduler Scheduled Job Complete: frappe.utils.global_search.sync_global_search for pali
2024-03-08 15:16:14,967 INFO scheduler Scheduled Job Start: frappe.integrations.doctype.razorpay_settings.razorpay_settings.capture_payment for pali
2024-03-08 15:16:15,119 INFO scheduler Scheduled Job Complete: frappe.integrations.doctype.razorpay_settings.razorpay_settings.capture_payment for pali
2024-03-08 15:16:15,180 INFO scheduler Scheduled Job Start: frappe.email.doctype.email_account.email_account.notify_unreplied for pali
2024-03-08 15:16:15,324 INFO scheduler Scheduled Job Complete: frappe.email.doctype.email_account.email_account.notify_unreplied for pali
2024-03-08 15:16:15,384 INFO scheduler Scheduled Job Start: frappe.email.doctype.email_account.email_account.pull for pali
2024-03-08 15:16:15,539 INFO scheduler Scheduled Job Complete: frappe.email.doctype.email_account.email_account.pull for pali
2024-03-08 15:16:15,598 INFO scheduler Scheduled Job Start: frappe.email.queue.flush for pali
2024-03-08 15:16:15,711 INFO scheduler Scheduled Job Complete: frappe.email.queue.flush for pali
2024-03-08 15:17:14,833 DEBUG scheduler Queued events for site pali
2024-03-08 15:18:14,994 DEBUG scheduler Queued events for site pali
2024-03-08 15:19:15,151 DEBUG scheduler Queued events for site pali
2024-03-08 15:20:15,338 DEBUG scheduler Queued events for site pali
2024-03-08 15:20:15,369 INFO scheduler Scheduled Job Start: frappe.monitor.flush for pali
2024-03-08 15:20:15,497 INFO scheduler Scheduled Job Complete: frappe.monitor.flush for pali
2024-03-08 15:20:15,557 INFO scheduler Scheduled Job Start: frappe.utils.global_search.sync_global_search for pali
2024-03-08 15:20:15,663 INFO scheduler Scheduled Job Complete: frappe.utils.global_search.sync_global_search for pali
2024-03-08 15:20:15,724 INFO scheduler Scheduled Job Start: frappe.integrations.doctype.razorpay_settings.razorpay_settings.capture_payment for pali
2024-03-08 15:20:15,928 INFO scheduler Scheduled Job Complete: frappe.integrations.doctype.razorpay_settings.razorpay_settings.capture_payment for pali
2024-03-08 15:20:15,990 INFO scheduler Scheduled Job Start: frappe.email.doctype.email_account.email_account.notify_unreplied for pali
2024-03-08 15:20:16,187 INFO scheduler Scheduled Job Complete: frappe.email.doctype.email_account.email_account.notify_unreplied for pali
2024-03-08 15:20:16,248 INFO scheduler Scheduled Job Start: frappe.email.doctype.email_account.email_account.pull for pali
2024-03-08 15:20:16,405 INFO scheduler Scheduled Job Complete: frappe.email.doctype.email_account.email_account.pull for pali
2024-03-08 15:20:16,465 INFO scheduler Scheduled Job Start: frappe.email.queue.flush for pali
2024-03-08 15:20:16,579 INFO scheduler Scheduled Job Complete: frappe.email.queue.flush for pali
2024-03-08 15:21:15,500 DEBUG scheduler Queued events for site pali
2024-03-08 15:22:15,664 DEBUG scheduler Queued events for site pali
2024-03-08 15:23:15,831 DEBUG scheduler Queued events for site pali
2024-03-08 15:24:15,975 DEBUG scheduler Queued events for site pali
2024-03-08 15:24:16,008 INFO scheduler Scheduled Job Start: frappe.monitor.flush for pali
2024-03-08 15:24:16,110 INFO scheduler Scheduled Job Complete: frappe.monitor.flush for pali
2024-03-08 15:24:16,169 INFO scheduler Scheduled Job Start: frappe.utils.global_search.sync_global_search for pali
2024-03-08 15:24:16,271 INFO scheduler Scheduled Job Complete: frappe.utils.global_search.sync_global_search for pali
2024-03-08 15:24:16,331 INFO scheduler Scheduled Job Start: frappe.integrations.doctype.razorpay_settings.razorpay_settings.capture_payment for pali
2024-03-08 15:24:16,484 INFO scheduler Scheduled Job Complete: frappe.integrations.doctype.razorpay_settings.razorpay_settings.capture_payment for pali
2024-03-08 15:24:16,543 INFO scheduler Scheduled Job Start: frappe.email.doctype.email_account.email_account.notify_unreplied for pali
2024-03-08 15:24:16,685 INFO scheduler Scheduled Job Complete: frappe.email.doctype.email_account.email_account.notify_unreplied for pali
2024-03-08 15:24:16,744 INFO scheduler Scheduled Job Start: frappe.email.doctype.email_account.email_account.pull for pali
2024-03-08 15:24:16,899 INFO scheduler Scheduled Job Complete: frappe.email.doctype.email_account.email_account.pull for pali
2024-03-08 15:24:16,959 INFO scheduler Scheduled Job Start: frappe.email.queue.flush for pali
2024-03-08 15:24:17,072 INFO scheduler Scheduled Job Complete: frappe.email.queue.flush for pali
2024-03-08 15:25:16,109 DEBUG scheduler Queued events for site pali
2024-03-08 15:26:16,240 DEBUG scheduler Queued events for site pali
2024-03-08 15:27:16,404 DEBUG scheduler Queued events for site pali
2024-03-08 15:28:16,624 DEBUG scheduler Queued events for site pali
2024-03-08 15:28:16,656 INFO scheduler Scheduled Job Start: frappe.monitor.flush for pali
2024-03-08 15:28:16,759 INFO scheduler Scheduled Job Complete: frappe.monitor.flush for pali
2024-03-08 15:28:16,819 INFO scheduler Scheduled Job Start: frappe.utils.global_search.sync_global_search for pali
2024-03-08 15:28:16,923 INFO scheduler Scheduled Job Complete: frappe.utils.global_search.sync_global_search for pali
2024-03-08 15:28:16,984 INFO scheduler Scheduled Job Start: frappe.integrations.doctype.razorpay_settings.razorpay_settings.capture_payment for pali
2024-03-08 15:28:17,135 INFO scheduler Scheduled Job Complete: frappe.integrations.doctype.razorpay_settings.razorpay_settings.capture_payment for pali
2024-03-08 15:28:17,197 INFO scheduler Scheduled Job Start: frappe.email.doctype.email_account.email_account.notify_unreplied for pali
2024-03-08 15:28:17,342 INFO scheduler Scheduled Job Complete: frappe.email.doctype.email_account.email_account.notify_unreplied for pali
2024-03-08 15:28:17,404 INFO scheduler Scheduled Job Start: frappe.email.doctype.email_account.email_account.pull for pali
2024-03-08 15:28:17,563 INFO scheduler Scheduled Job Complete: frappe.email.doctype.email_account.email_account.pull for pali
2024-03-08 15:28:17,623 INFO scheduler Scheduled Job Start: frappe.email.queue.flush for pali
2024-03-08 15:28:17,738 INFO scheduler Scheduled Job Complete: frappe.email.queue.flush for pali
2024-03-08 15:29:16,795 DEBUG scheduler Queued events for site pali
2024-03-08 15:31:14,015 DEBUG scheduler Queued events for site pali
2024-03-08 15:31:14,064 INFO scheduler Scheduled Job Start: frappe.twofactor.delete_all_barcodes_for_users for pali
2024-03-08 15:31:14,344 INFO scheduler Scheduled Job Complete: frappe.twofactor.delete_all_barcodes_for_users for pali
2024-03-08 15:31:14,406 INFO scheduler Scheduled Job Start: frappe.website.doctype.web_page.web_page.check_publish_status for pali
2024-03-08 15:31:14,644 INFO scheduler Scheduled Job Complete: frappe.website.doctype.web_page.web_page.check_publish_status for pali
2024-03-08 15:31:14,708 INFO scheduler Scheduled Job Start: frappe.oauth.delete_oauth2_data for pali
2024-03-08 15:31:14,917 INFO scheduler Scheduled Job Complete: frappe.oauth.delete_oauth2_data for pali
2024-03-08 17:18:18,216 INFO scheduler Scheduled Job Start: frappe.email.doctype.newsletter.newsletter.send_scheduled_email for pali
2024-03-08 17:18:18,243 DEBUG scheduler Queued events for site pali
2024-03-08 17:18:18,532 INFO scheduler Scheduled Job Complete: frappe.email.doctype.newsletter.newsletter.send_scheduled_email for pali
2024-03-08 17:18:18,595 INFO scheduler Scheduled Job Start: frappe.integrations.doctype.google_calendar.google_calendar.sync for pali
2024-03-08 17:18:18,967 INFO scheduler Scheduled Job Complete: frappe.integrations.doctype.google_calendar.google_calendar.sync for pali
2024-03-08 17:18:19,031 INFO scheduler Scheduled Job Start: frappe.desk.form.document_follow.send_hourly_updates for pali
2024-03-08 17:18:19,228 INFO scheduler Scheduled Job Complete: frappe.desk.form.document_follow.send_hourly_updates for pali
2024-03-08 17:18:19,292 INFO scheduler Scheduled Job Start: frappe.deferred_insert.save_to_db for pali
2024-03-08 17:18:19,532 INFO scheduler Scheduled Job Complete: frappe.deferred_insert.save_to_db for pali
2024-03-08 17:18:19,595 INFO scheduler Scheduled Job Start: frappe.desk.page.backups.backups.delete_downloadable_backups for pali
2024-03-08 17:18:19,758 INFO scheduler Scheduled Job Complete: frappe.desk.page.backups.backups.delete_downloadable_backups for pali
2024-03-08 17:18:19,821 INFO scheduler Scheduled Job Start: frappe.utils.error.collect_error_snapshots for pali
2024-03-08 17:18:20,114 INFO scheduler Scheduled Job Complete: frappe.utils.error.collect_error_snapshots for pali
2024-03-08 17:18:20,177 INFO scheduler Scheduled Job Start: frappe.model.utils.user_settings.sync_user_settings for pali
2024-03-08 17:18:20,328 INFO scheduler Scheduled Job Complete: frappe.model.utils.user_settings.sync_user_settings for pali
2024-03-08 17:18:20,392 INFO scheduler Scheduled Job Start: frappe.model.utils.link_count.update_link_count for pali
2024-03-08 17:18:20,544 INFO scheduler Scheduled Job Complete: frappe.model.utils.link_count.update_link_count for pali
2024-03-08 17:18:20,607 INFO scheduler Scheduled Job Start: frappe.monitor.flush for pali
2024-03-08 17:18:20,708 INFO scheduler Scheduled Job Complete: frappe.monitor.flush for pali
2024-03-08 17:18:20,769 INFO scheduler Scheduled Job Start: frappe.utils.global_search.sync_global_search for pali
2024-03-08 17:18:20,870 INFO scheduler Scheduled Job Complete: frappe.utils.global_search.sync_global_search for pali
2024-03-08 17:18:20,929 INFO scheduler Scheduled Job Start: frappe.integrations.doctype.razorpay_settings.razorpay_settings.capture_payment for pali
2024-03-08 17:18:21,145 INFO scheduler Scheduled Job Complete: frappe.integrations.doctype.razorpay_settings.razorpay_settings.capture_payment for pali
2024-03-08 17:18:21,206 INFO scheduler Scheduled Job Start: frappe.email.doctype.email_account.email_account.notify_unreplied for pali
2024-03-08 17:18:21,409 INFO scheduler Scheduled Job Complete: frappe.email.doctype.email_account.email_account.notify_unreplied for pali
2024-03-08 17:18:21,469 INFO scheduler Scheduled Job Start: frappe.email.doctype.email_account.email_account.pull for pali
2024-03-08 17:18:21,645 INFO scheduler Scheduled Job Complete: frappe.email.doctype.email_account.email_account.pull for pali
2024-03-08 17:18:21,705 INFO scheduler Scheduled Job Start: frappe.email.queue.flush for pali
2024-03-08 17:18:21,819 INFO scheduler Scheduled Job Complete: frappe.email.queue.flush for pali
2024-03-08 17:18:21,880 INFO scheduler Scheduled Job Start: frappe.twofactor.delete_all_barcodes_for_users for pali
2024-03-08 17:18:22,060 INFO scheduler Scheduled Job Complete: frappe.twofactor.delete_all_barcodes_for_users for pali
2024-03-08 17:18:22,123 INFO scheduler Scheduled Job Start: frappe.website.doctype.web_page.web_page.check_publish_status for pali
2024-03-08 17:18:22,369 INFO scheduler Scheduled Job Complete: frappe.website.doctype.web_page.web_page.check_publish_status for pali
2024-03-08 17:18:22,432 INFO scheduler Scheduled Job Start: frappe.oauth.delete_oauth2_data for pali
2024-03-08 17:18:22,648 INFO scheduler Scheduled Job Complete: frappe.oauth.delete_oauth2_data for pali
2024-03-08 17:19:18,414 DEBUG scheduler Queued events for site pali
